<?xml version="1.0" encoding="UTF-8"?>
<testsuite xmlns:xsi="http://www.w3.org/2001/XMLSchema-instance" xsi:noNamespaceSchemaLocation="https://maven.apache.org/surefire/maven-surefire-plugin/xsd/surefire-test-report-3.0.xsd" version="3.0" name="org.fujitsu.training.codes.TestJSONProcess" time="0.266" tests="2" errors="0" skipped="0" failures="0">
  <properties>
[...]
</properties>
  <testcase name="testDecodeJSON" classname="org.fujitsu.training.codes.TestJSONProcess" time="0.208">
    <system-out><![CDATA[org.fujitsu.training.codes.Sales@26adfd2d
]]></system-out>
  </testcase>
  <testcase name="testEncodeJSON" classname="org.fujitsu.training.codes.TestJSONProcess" time="0.031"/>
</testsuite>